# ANCHOR 
# Copyright (c)  B. Meszaros, I. Simon and Z. Dosztanyi, 2009
# PLoS Comput Biol 5(5): e1000376. doi:10.1371/journal.pcbi.1000376
#
# Predicted binding regions
#	No.	   Start	     End	  Length
#	  1	       1	       8	       8
#	  2	      27	      37	      11
#	  3	      59	      67	       9
#	  4	      80	      90	      11
#	  5	      98	     105	       8
#	  6	     109	     134	      26
#	  7	     140	     157	      18
#	  8	     174	     198	      25
# Filtered regions
#	No.	   Start	     End	  Length
#	  1	      76	      76	       1
#
# Found motifs
# CYCLIN_1	30	33	...RNLF...
# USP7_1	24	28	...PKPSA...
# USP7_1	103	107	...AQESQ...
# USP7_1	122	126	...PANSE...
# USP7_1	137	141	...PSDSQ...
#
# Prediction profile output:
#
#   Columns:
#   1 - Amino acid number
#   2 - One letter code
#   3 - ANCHOR probability value
#   4 - ANCHOR output
#
1	M	  0.8561	    1
2	S	  0.8174	    1
3	N	  0.7746	    1
4	V	  0.7424	    1
5	R	  0.7256	    1
6	V	  0.6983	    1
7	S	  0.5989	    1
8	N	  0.5315	    1
9	G	  0.4773	    0
10	S	  0.4453	    0
11	P	  0.4264	    0
12	S	  0.4313	    0
13	L	  0.4459	    0
14	E	  0.3975	    0
15	R	  0.3688	    0
16	M	  0.3704	    0
17	D	  0.3356	    0
18	A	  0.3034	    0
19	R	  0.2519	    0
20	Q	  0.2299	    0
21	A	  0.2272	    0
22	E	  0.1990	    0
23	H	  0.2076	    0
24	P	  0.2280	    0
25	K	  0.2963	    0
26	P	  0.4031	    0
27	S	  0.5269	    1
28	A	  0.6982	    1
29	C	  0.7976	    1
30	R	  0.8250	    1
31	N	  0.8652	    1
32	L	  0.8884	    1
33	F	  0.8911	    1
34	G	  0.8344	    1
35	P	  0.7509	    1
36	V	  0.6564	    1
37	D	  0.5383	    1
38	H	  0.4352	    0
39	E	  0.3774	    0
40	E	  0.3351	    0
41	L	  0.3445	    0
42	T	  0.3172	    0
43	R	  0.3243	    0
44	D	  0.3643	    0
45	L	  0.3948	    0
46	E	  0.3659	    0
47	K	  0.3727	    0
48	H	  0.3838	    0
49	C	  0.3832	    0
50	R	  0.3056	    0
51	D	  0.2733	    0
52	M	  0.2672	    0
53	E	  0.2229	    0
54	E	  0.2247	    0
55	A	  0.2662	    0
56	S	  0.3106	    0
57	Q	  0.3600	    0
58	R	  0.4104	    0
59	K	  0.5170	    1
60	W	  0.6184	    1
61	N	  0.6503	    1
62	F	  0.7478	    1
63	D	  0.7351	    1
64	F	  0.7220	    1
65	Q	  0.6325	    1
66	N	  0.5781	    1
67	H	  0.5200	    1
68	K	  0.4845	    0
69	P	  0.4544	    0
70	L	  0.4628	    0
71	E	  0.4160	    0
72	G	  0.4301	    0
73	K	  0.4303	    0
74	Y	  0.4884	    0
75	E	  0.4710	    0
76	W	  0.5190	    0
77	Q	  0.4973	    0
78	E	  0.4627	    0
79	V	  0.4875	    0
80	E	  0.5332	    1
81	K	  0.6239	    1
82	G	  0.7103	    1
83	S	  0.7705	    1
84	L	  0.8368	    1
85	P	  0.8279	    1
86	E	  0.8491	    1
87	F	  0.8720	    1
88	Y	  0.8300	    1
89	Y	  0.7444	    1
90	R	  0.5696	    1
91	P	  0.4386	    0
92	P	  0.3413	    0
93	R	  0.3000	    0
94	P	  0.2955	    0
95	P	  0.3129	    0
96	K	  0.3438	    0
97	G	  0.4144	    0
98	A	  0.5225	    1
99	C	  0.6306	    1
100	K	  0.6528	    1
101	V	  0.6971	    1
102	P	  0.6766	    1
103	A	  0.6731	    1
104	Q	  0.6220	    1
105	E	  0.5544	    1
106	S	  0.4979	    0
107	Q	  0.4619	    0
108	D	  0.4709	    0
109	V	  0.5140	    1
110	S	  0.5324	    1
111	G	  0.6254	    1
112	S	  0.6976	    1
113	R	  0.7914	    1
114	P	  0.8643	    1
115	A	  0.9270	    1
116	A	  0.9543	    1
117	P	  0.9660	    1
118	L	  0.9758	    1
119	I	  0.9766	    1
120	G	  0.9631	    1
121	A	  0.9435	    1
122	P	  0.9183	    1
123	A	  0.9065	    1
124	N	  0.8655	    1
125	S	  0.8251	    1
126	E	  0.7854	    1
127	D	  0.7487	    1
128	T	  0.7494	    1
129	H	  0.7810	    1
130	L	  0.8086	    1
131	V	  0.7789	    1
132	D	  0.6783	    1
133	P	  0.5917	    1
134	K	  0.5182	    1
135	T	  0.4572	    0
136	D	  0.4368	    0
137	P	  0.4412	    0
138	S	  0.4528	    0
139	D	  0.4633	    0
140	S	  0.5664	    1
141	Q	  0.7158	    1
142	T	  0.8348	    1
143	G	  0.9292	    1
144	L	  0.9716	    1
145	A	  0.9818	    1
146	E	  0.9850	    1
147	Q	  0.9882	    1
148	C	  0.9918	    1
149	A	  0.9907	    1
150	G	  0.9866	    1
151	I	  0.9795	    1
152	R	  0.9501	    1
153	K	  0.8942	    1
154	R	  0.8311	    1
155	P	  0.7659	    1
156	A	  0.6875	    1
157	T	  0.5561	    1
158	D	  0.4650	    0
159	D	  0.4244	    0
160	S	  0.3924	    0
161	S	  0.3971	    0
162	T	  0.3891	    0
163	Q	  0.3748	    0
164	N	  0.3502	    0
165	K	  0.3243	    0
166	R	  0.3492	    0
167	A	  0.3807	    0
168	N	  0.3677	    0
169	R	  0.3640	    0
170	T	  0.3701	    0
171	E	  0.3790	    0
172	E	  0.4025	    0
173	N	  0.4720	    0
174	V	  0.5550	    1
175	S	  0.5669	    1
176	D	  0.6084	    1
177	G	  0.6676	    1
178	S	  0.7116	    1
179	P	  0.7419	    1
180	N	  0.7740	    1
181	A	  0.8013	    1
182	G	  0.7828	    1
183	S	  0.7471	    1
184	V	  0.7371	    1
185	E	  0.7074	    1
186	Q	  0.6945	    1
187	T	  0.6833	    1
188	P	  0.6819	    1
189	K	  0.6838	    1
190	K	  0.6793	    1
191	P	  0.7044	    1
192	G	  0.7496	    1
193	L	  0.7935	    1
194	R	  0.7583	    1
195	R	  0.7594	    1
196	R	  0.7635	    1
197	Q	  0.7658	    1
198	T	  0.7607	    1
